# JRE version: OpenJDK Runtime Environment Temurin-17.0.4.1+1 (17.0.4.1+1) (build 17.0.4.1+1)
# Java VM: OpenJDK 64-Bit Server VM Temurin-17.0.4.1+1 (17.0.4.1+1, mixed mode, emulated-client, tiered, compressed oops, compressed class ptrs, g1 gc, windows-amd64)
GC Precious Log:
 CPUs: 8 total, 8 available
 Memory: 16144M
 Large Page Support: Disabled
 NUMA Support: Disabled
 Compressed Oops: Enabled (Zero based)
 Heap Region Size: 2M
 Heap Min Capacity: 8M
 Heap Initial Capacity: 254M
 Heap Max Capacity: 4038M
 Pre-touch: Disabled
 Parallel Workers: 8
 Concurrent Workers: 2
 Concurrent Refinement Workers: 8
 Periodic GC: Disabled
Heap:
 garbage-first heap   total 161792K, used 76503K [0x0000000703a00000, 0x0000000800000000)
  region size 2048K, 2 young (4096K), 2 survivors (4096K)
 Metaspace       used 39052K, committed 39424K, reserved 1089536K
  class space    used 4951K, committed 5120K, reserved 1048576K
GC Heap History (20 events):
Event: 26.146 GC heap after
{Heap after GC invocations=10 (full 0):
 garbage-first heap   total 55296K, used 25458K [0x0000000703a00000, 0x0000000800000000)
  region size 2048K, 2 young (4096K), 2 survivors (4096K)
 Metaspace       used 35359K, committed 35648K, reserved 1081344K
  class space    used 4588K, committed 4736K, reserved 1048576K
}
Event: 26.654 GC heap before
{Heap before GC invocations=10 (full 0):
 garbage-first heap   total 55296K, used 39794K [0x0000000703a00000, 0x0000000800000000)
  region size 2048K, 9 young (18432K), 2 survivors (4096K)
 Metaspace       used 35658K, committed 36032K, reserved 1081344K
  class space    used 4633K, committed 4800K, reserved 1048576K
}
Event: 26.660 GC heap after
{Heap after GC invocations=11 (full 0):
 garbage-first heap   total 55296K, used 28564K [0x0000000703a00000, 0x0000000800000000)
  region size 2048K, 2 young (4096K), 2 survivors (4096K)
 Metaspace       used 35658K, committed 36032K, reserved 1081344K
  class space    used 4633K, committed 4800K, reserved 1048576K
}
Event: 26.759 GC heap before
{Heap before GC invocations=11 (full 0):
 garbage-first heap   total 55296K, used 38804K [0x0000000703a00000, 0x0000000800000000)
  region size 2048K, 7 young (14336K), 2 survivors (4096K)
 Metaspace       used 35770K, committed 36160K, reserved 1081344K
  class space    used 4639K, committed 4800K, reserved 1048576K
}
Event: 26.764 GC heap after
{Heap after GC invocations=12 (full 0):
 garbage-first heap   total 55296K, used 30189K [0x0000000703a00000, 0x0000000800000000)
  region size 2048K, 1 young (2048K), 1 survivors (2048K)
 Metaspace       used 35770K, committed 36160K, reserved 1081344K
  class space    used 4639K, committed 4800K, reserved 1048576K
}
Event: 26.850 GC heap before
{Heap before GC invocations=13 (full 0):
 garbage-first heap   total 61440K, used 40429K [0x0000000703a00000, 0x0000000800000000)
  region size 2048K, 6 young (12288K), 1 survivors (2048K)
 Metaspace       used 35771K, committed 36160K, reserved 1081344K
  class space    used 4641K, committed 4800K, reserved 1048576K
}
Event: 26.856 GC heap after
{Heap after GC invocations=14 (full 0):
 garbage-first heap   total 61440K, used 32166K [0x0000000703a00000, 0x0000000800000000)
  region size 2048K, 1 young (2048K), 1 survivors (2048K)
 Metaspace       used 35771K, committed 36160K, reserved 1081344K
  class space    used 4641K, committed 4800K, reserved 1048576K
}
Event: 26.941 GC heap before
{Heap before GC invocations=14 (full 0):
 garbage-first heap   total 61440K, used 44454K [0x0000000703a00000, 0x0000000800000000)
  region size 2048K, 8 young (16384K), 1 survivors (2048K)
 Metaspace       used 35869K, committed 36224K, reserved 1081344K
  class space    used 4651K, committed 4800K, reserved 1048576K
}
Event: 26.946 GC heap after
{Heap after GC invocations=15 (full 0):
 garbage-first heap   total 161792K, used 34733K [0x0000000703a00000, 0x0000000800000000)
  region size 2048K, 1 young (2048K), 1 survivors (2048K)
 Metaspace       used 35869K, committed 36224K, reserved 1081344K
  class space    used 4651K, committed 4800K, reserved 1048576K
}
Event: 29.397 GC heap before
{Heap before GC invocations=16 (full 0):
 garbage-first heap   total 151552K, used 108461K [0x0000000703a00000, 0x0000000800000000)
  region size 2048K, 38 young (77824K), 1 survivors (2048K)
 Metaspace       used 38588K, committed 38912K, reserved 1089536K
  class space    used 4881K, committed 5056K, reserved 1048576K
}
Event: 29.414 GC heap after
{Heap after GC invocations=17 (full 0):
 garbage-first heap   total 151552K, used 49743K [0x0000000703a00000, 0x0000000800000000)
  region size 2048K, 5 young (10240K), 5 survivors (10240K)
 Metaspace       used 38588K, committed 38912K, reserved 1089536K
  class space    used 4881K, committed 5056K, reserved 1048576K
}
Event: 30.410 GC heap before
{Heap before GC invocations=17 (full 0):
 garbage-first heap   total 151552K, used 96847K [0x0000000703a00000, 0x0000000800000000)
  region size 2048K, 29 young (59392K), 5 survivors (10240K)
 Metaspace       used 38864K, committed 39296K, reserved 1089536K
  class space    used 4933K, committed 5120K, reserved 1048576K
}
Event: 30.462 GC heap after
{Heap after GC invocations=18 (full 0):
 garbage-first heap   total 151552K, used 67636K [0x0000000703a00000, 0x0000000800000000)
  region size 2048K, 4 young (8192K), 4 survivors (8192K)
 Metaspace       used 38864K, committed 39296K, reserved 1089536K
  class space    used 4933K, committed 5120K, reserved 1048576K
}
Event: 30.519 GC heap before
{Heap before GC invocations=18 (full 0):
 garbage-first heap   total 151552K, used 102452K [0x0000000703a00000, 0x0000000800000000)
  region size 2048K, 22 young (45056K), 4 survivors (8192K)
 Metaspace       used 38886K, committed 39296K, reserved 1089536K
  class space    used 4936K, committed 5120K, reserved 1048576K
}
Event: 30.528 GC heap after
{Heap after GC invocations=19 (full 0):
 garbage-first heap   total 151552K, used 71485K [0x0000000703a00000, 0x0000000800000000)
  region size 2048K, 1 young (2048K), 1 survivors (2048K)
 Metaspace       used 38886K, committed 39296K, reserved 1089536K
  class space    used 4936K, committed 5120K, reserved 1048576K
}
Event: 30.582 GC heap before
{Heap before GC invocations=19 (full 0):
 garbage-first heap   total 151552K, used 108349K [0x0000000703a00000, 0x0000000800000000)
  region size 2048K, 20 young (40960K), 1 survivors (2048K)
 Metaspace       used 38907K, committed 39296K, reserved 1089536K
  class space    used 4944K, committed 5120K, reserved 1048576K
}
Event: 30.592 GC heap after
{Heap after GC invocations=20 (full 0):
 garbage-first heap   total 151552K, used 72668K [0x0000000703a00000, 0x0000000800000000)
  region size 2048K, 2 young (4096K), 2 survivors (4096K)
 Metaspace       used 38907K, committed 39296K, reserved 1089536K
  class space    used 4944K, committed 5120K, reserved 1048576K
}
Event: 30.658 GC heap before
{Heap before GC invocations=20 (full 0):
 garbage-first heap   total 151552K, used 111580K [0x0000000703a00000, 0x0000000800000000)
  region size 2048K, 22 young (45056K), 2 survivors (4096K)
 Metaspace       used 39032K, committed 39424K, reserved 1089536K
  class space    used 4949K, committed 5120K, reserved 1048576K
}
Event: 30.663 GC heap after
{Heap after GC invocations=21 (full 0):
 garbage-first heap   total 151552K, used 74740K [0x0000000703a00000, 0x0000000800000000)
  region size 2048K, 2 young (4096K), 2 survivors (4096K)
 Metaspace       used 39032K, committed 39424K, reserved 1089536K
  class space    used 4949K, committed 5120K, reserved 1048576K
}
Event: 30.718 GC heap before
{Heap before GC invocations=21 (full 0):
 garbage-first heap   total 151552K, used 113652K [0x0000000703a00000, 0x0000000800000000)
  region size 2048K, 23 young (47104K), 2 survivors (4096K)
 Metaspace       used 39052K, committed 39424K, reserved 1089536K
  class space    used 4951K, committed 5120K, reserved 1048576K
}

