# JRE version: OpenJDK Runtime Environment Temurin-17.0.4.1+1 (17.0.4.1+1) (build 17.0.4.1+1)
# Java VM: OpenJDK 64-Bit Server VM Temurin-17.0.4.1+1 (17.0.4.1+1, mixed mode, emulated-client, tiered, compressed oops, compressed class ptrs, g1 gc, windows-amd64)
GC Precious Log:
 CPUs: 8 total, 8 available
 Memory: 16144M
 Large Page Support: Disabled
 NUMA Support: Disabled
 Compressed Oops: Enabled (Zero based)
 Heap Region Size: 2M
 Heap Min Capacity: 8M
 Heap Initial Capacity: 254M
 Heap Max Capacity: 4038M
 Pre-touch: Disabled
 Parallel Workers: 8
 Concurrent Workers: 2
 Concurrent Refinement Workers: 8
 Periodic GC: Disabled
Heap:
 garbage-first heap   total 516096K, used 148633K [0x0000000703a00000, 0x0000000800000000)
  region size 2048K, 17 young (34816K), 17 survivors (34816K)
 Metaspace       used 43919K, committed 44352K, reserved 1089536K
  class space    used 5436K, committed 5632K, reserved 1048576K
GC Heap History (20 events):
Event: 19.055 GC heap after
{Heap after GC invocations=13 (full 0):
 garbage-first heap   total 161792K, used 59196K [0x0000000703a00000, 0x0000000800000000)
  region size 2048K, 5 young (10240K), 5 survivors (10240K)
 Metaspace       used 40762K, committed 41152K, reserved 1089536K
  class space    used 5055K, committed 5248K, reserved 1048576K
}
Event: 19.269 GC heap before
{Heap before GC invocations=13 (full 0):
 garbage-first heap   total 161792K, used 106300K [0x0000000703a00000, 0x0000000800000000)
  region size 2048K, 29 young (59392K), 5 survivors (10240K)
 Metaspace       used 41217K, committed 41600K, reserved 1089536K
  class space    used 5111K, committed 5312K, reserved 1048576K
}
Event: 19.302 GC heap after
{Heap after GC invocations=14 (full 0):
 garbage-first heap   total 161792K, used 70981K [0x0000000703a00000, 0x0000000800000000)
  region size 2048K, 4 young (8192K), 4 survivors (8192K)
 Metaspace       used 41217K, committed 41600K, reserved 1089536K
  class space    used 5111K, committed 5312K, reserved 1048576K
}
Event: 19.323 GC heap before
{Heap before GC invocations=14 (full 0):
 garbage-first heap   total 161792K, used 111941K [0x0000000703a00000, 0x0000000800000000)
  region size 2048K, 25 young (51200K), 4 survivors (8192K)
 Metaspace       used 41222K, committed 41600K, reserved 1089536K
  class space    used 5115K, committed 5312K, reserved 1048576K
}
Event: 19.331 GC heap after
{Heap after GC invocations=15 (full 0):
 garbage-first heap   total 258048K, used 73650K [0x0000000703a00000, 0x0000000800000000)
  region size 2048K, 2 young (4096K), 2 survivors (4096K)
 Metaspace       used 41222K, committed 41600K, reserved 1089536K
  class space    used 5115K, committed 5312K, reserved 1048576K
}
Event: 19.459 GC heap before
{Heap before GC invocations=15 (full 0):
 garbage-first heap   total 258048K, used 171954K [0x0000000703a00000, 0x0000000800000000)
  region size 2048K, 51 young (104448K), 2 survivors (4096K)
 Metaspace       used 41507K, committed 41856K, reserved 1089536K
  class space    used 5136K, committed 5312K, reserved 1048576K
}
Event: 19.466 GC heap after
{Heap after GC invocations=16 (full 0):
 garbage-first heap   total 258048K, used 77469K [0x0000000703a00000, 0x0000000800000000)
  region size 2048K, 3 young (6144K), 3 survivors (6144K)
 Metaspace       used 41507K, committed 41856K, reserved 1089536K
  class space    used 5136K, committed 5312K, reserved 1048576K
}
Event: 19.604 GC heap before
{Heap before GC invocations=16 (full 0):
 garbage-first heap   total 258048K, used 186013K [0x0000000703a00000, 0x0000000800000000)
  region size 2048K, 57 young (116736K), 3 survivors (6144K)
 Metaspace       used 41525K, committed 41856K, reserved 1089536K
  class space    used 5139K, committed 5312K, reserved 1048576K
}
Event: 19.611 GC heap after
{Heap after GC invocations=17 (full 0):
 garbage-first heap   total 258048K, used 82042K [0x0000000703a00000, 0x0000000800000000)
  region size 2048K, 6 young (12288K), 6 survivors (12288K)
 Metaspace       used 41525K, committed 41856K, reserved 1089536K
  class space    used 5139K, committed 5312K, reserved 1048576K
}
Event: 19.713 GC heap before
{Heap before GC invocations=17 (full 0):
 garbage-first heap   total 258048K, used 190586K [0x0000000703a00000, 0x0000000800000000)
  region size 2048K, 60 young (122880K), 6 survivors (12288K)
 Metaspace       used 41538K, committed 41920K, reserved 1089536K
  class space    used 5139K, committed 5312K, reserved 1048576K
}
Event: 19.723 GC heap after
{Heap after GC invocations=18 (full 0):
 garbage-first heap   total 258048K, used 86797K [0x0000000703a00000, 0x0000000800000000)
  region size 2048K, 5 young (10240K), 5 survivors (10240K)
 Metaspace       used 41538K, committed 41920K, reserved 1089536K
  class space    used 5139K, committed 5312K, reserved 1048576K
}
Event: 19.832 GC heap before
{Heap before GC invocations=18 (full 0):
 garbage-first heap   total 258048K, used 197389K [0x0000000703a00000, 0x0000000800000000)
  region size 2048K, 60 young (122880K), 5 survivors (10240K)
 Metaspace       used 41550K, committed 41920K, reserved 1089536K
  class space    used 5143K, committed 5312K, reserved 1048576K
}
Event: 19.843 GC heap after
{Heap after GC invocations=19 (full 0):
 garbage-first heap   total 516096K, used 90815K [0x0000000703a00000, 0x0000000800000000)
  region size 2048K, 5 young (10240K), 5 survivors (10240K)
 Metaspace       used 41550K, committed 41920K, reserved 1089536K
  class space    used 5143K, committed 5312K, reserved 1048576K
}
Event: 20.161 GC heap before
{Heap before GC invocations=19 (full 0):
 garbage-first heap   total 516096K, used 387775K [0x0000000703a00000, 0x0000000800000000)
  region size 2048K, 151 young (309248K), 5 survivors (10240K)
 Metaspace       used 41759K, committed 42176K, reserved 1089536K
  class space    used 5164K, committed 5376K, reserved 1048576K
}
Event: 20.173 GC heap after
{Heap after GC invocations=20 (full 0):
 garbage-first heap   total 516096K, used 103327K [0x0000000703a00000, 0x0000000800000000)
  region size 2048K, 11 young (22528K), 11 survivors (22528K)
 Metaspace       used 41759K, committed 42176K, reserved 1089536K
  class space    used 5164K, committed 5376K, reserved 1048576K
}
Event: 20.330 GC heap before
{Heap before GC invocations=20 (full 0):
 garbage-first heap   total 516096K, used 387999K [0x0000000703a00000, 0x0000000800000000)
  region size 2048K, 151 young (309248K), 11 survivors (22528K)
 Metaspace       used 41913K, committed 42304K, reserved 1089536K
  class space    used 5178K, committed 5376K, reserved 1048576K
}
Event: 20.347 GC heap after
{Heap after GC invocations=21 (full 0):
 garbage-first heap   total 516096K, used 114529K [0x0000000703a00000, 0x0000000800000000)
  region size 2048K, 14 young (28672K), 14 survivors (28672K)
 Metaspace       used 41913K, committed 42304K, reserved 1089536K
  class space    used 5178K, committed 5376K, reserved 1048576K
}
Event: 20.564 GC heap before
{Heap before GC invocations=21 (full 0):
 garbage-first heap   total 516096K, used 393057K [0x0000000703a00000, 0x0000000800000000)
  region size 2048K, 151 young (309248K), 14 survivors (28672K)
 Metaspace       used 42039K, committed 42368K, reserved 1089536K
  class space    used 5203K, committed 5376K, reserved 1048576K
}
Event: 20.586 GC heap after
{Heap after GC invocations=22 (full 0):
 garbage-first heap   total 516096K, used 131072K [0x0000000703a00000, 0x0000000800000000)
  region size 2048K, 14 young (28672K), 14 survivors (28672K)
 Metaspace       used 42039K, committed 42368K, reserved 1089536K
  class space    used 5203K, committed 5376K, reserved 1048576K
}
Event: 23.460 GC heap before
{Heap before GC invocations=22 (full 0):
 garbage-first heap   total 516096K, used 409600K [0x0000000703a00000, 0x0000000800000000)
  region size 2048K, 151 young (309248K), 14 survivors (28672K)
 Metaspace       used 43919K, committed 44352K, reserved 1089536K
  class space    used 5436K, committed 5632K, reserved 1048576K
}

