# JRE version: OpenJDK Runtime Environment Temurin-17.0.4.1+1 (17.0.4.1+1) (build 17.0.4.1+1)
# Java VM: OpenJDK 64-Bit Server VM Temurin-17.0.4.1+1 (17.0.4.1+1, mixed mode, emulated-client, tiered, compressed oops, compressed class ptrs, g1 gc, windows-amd64)
GC Precious Log:
 CPUs: 8 total, 8 available
 Memory: 16144M
 Large Page Support: Disabled
 NUMA Support: Disabled
 Compressed Oops: Enabled (Zero based)
 Heap Region Size: 2M
 Heap Min Capacity: 8M
 Heap Initial Capacity: 254M
 Heap Max Capacity: 4038M
 Pre-touch: Disabled
 Parallel Workers: 8
 Concurrent Workers: 2
 Concurrent Refinement Workers: 8
 Periodic GC: Disabled
Heap:
 garbage-first heap   total 49152K, used 19717K [0x0000000703a00000, 0x0000000800000000)
  region size 2048K, 7 young (14336K), 2 survivors (4096K)
 Metaspace       used 22869K, committed 23040K, reserved 1073152K
  class space    used 2794K, committed 2880K, reserved 1048576K
GC Heap History (6 events):
Event: 6.720 GC heap before
{Heap before GC invocations=0 (full 0):
 garbage-first heap   total 260096K, used 20480K [0x0000000703a00000, 0x0000000800000000)
  region size 2048K, 11 young (22528K), 0 survivors (0K)
 Metaspace       used 9595K, committed 9728K, reserved 1064960K
  class space    used 1074K, committed 1152K, reserved 1048576K
}
Event: 6.902 GC heap after
{Heap after GC invocations=1 (full 0):
 garbage-first heap   total 260096K, used 8016K [0x0000000703a00000, 0x0000000800000000)
  region size 2048K, 2 young (4096K), 2 survivors (4096K)
 Metaspace       used 9595K, committed 9728K, reserved 1064960K
  class space    used 1074K, committed 1152K, reserved 1048576K
}
Event: 9.822 GC heap before
{Heap before GC invocations=1 (full 0):
 garbage-first heap   total 260096K, used 30544K [0x0000000703a00000, 0x0000000800000000)
  region size 2048K, 13 young (26624K), 2 survivors (4096K)
 Metaspace       used 16092K, committed 16320K, reserved 1064960K
  class space    used 1937K, committed 2048K, reserved 1048576K
}
Event: 9.828 GC heap after
{Heap after GC invocations=2 (full 0):
 garbage-first heap   total 260096K, used 10381K [0x0000000703a00000, 0x0000000800000000)
  region size 2048K, 2 young (4096K), 2 survivors (4096K)
 Metaspace       used 16092K, committed 16320K, reserved 1064960K
  class space    used 1937K, committed 2048K, reserved 1048576K
}
Event: 13.168 GC heap before
{Heap before GC invocations=2 (full 0):
 garbage-first heap   total 260096K, used 30861K [0x0000000703a00000, 0x0000000800000000)
  region size 2048K, 14 young (28672K), 2 survivors (4096K)
 Metaspace       used 21329K, committed 21504K, reserved 1073152K
  class space    used 2598K, committed 2688K, reserved 1048576K
}
Event: 13.174 GC heap after
{Heap after GC invocations=3 (full 0):
 garbage-first heap   total 260096K, used 11525K [0x0000000703a00000, 0x0000000800000000)
  region size 2048K, 2 young (4096K), 2 survivors (4096K)
 Metaspace       used 21329K, committed 21504K, reserved 1073152K
  class space    used 2598K, committed 2688K, reserved 1048576K
}

